app/build/intermediates/manifest_merge_blame_file/debug/manifest-merger-blame-debug-report.txt
1<?xml version="1.0" encoding="utf-8"?>
2<manifest xmlns:android="http://schemas.android.com/apk/res/android"
3    package="com.simonecompany.analizzatorespazio"
4    android:versionCode="1"
5    android:versionName="1.0" >
6
7    <uses-sdk
8        android:minSdkVersion="26"
9        android:targetSdkVersion="34" />
10
11    <uses-permission
11-->src/main/AndroidManifest.xml:5:5-7:38
12        android:name="android.permission.READ_EXTERNAL_STORAGE"
12-->src/main/AndroidManifest.xml:6:9-64
13        android:maxSdkVersion="32" />
13-->src/main/AndroidManifest.xml:7:9-35
14    <uses-permission
14-->src/main/AndroidManifest.xml:8:5-10:38
15        android:name="android.permission.WRITE_EXTERNAL_STORAGE"
15-->src/main/AndroidManifest.xml:9:9-65
16        android:maxSdkVersion="29" />
16-->src/main/AndroidManifest.xml:10:9-35
17    <uses-permission android:name="android.permission.MANAGE_EXTERNAL_STORAGE" />
17-->src/main/AndroidManifest.xml:11:5-82
17-->src/main/AndroidManifest.xml:11:22-79
18    <uses-permission android:name="android.permission.READ_MEDIA_IMAGES" />
18-->src/main/AndroidManifest.xml:12:5-76
18-->src/main/AndroidManifest.xml:12:22-73
19    <uses-permission android:name="android.permission.READ_MEDIA_VIDEO" />
19-->src/main/AndroidManifest.xml:13:5-75
19-->src/main/AndroidManifest.xml:13:22-72
20    <uses-permission android:name="android.permission.READ_MEDIA_AUDIO" />
20-->src/main/AndroidManifest.xml:14:5-75
20-->src/main/AndroidManifest.xml:14:22-72
21    <uses-permission android:name="android.permission.PACKAGE_USAGE_STATS" />
21-->src/main/AndroidManifest.xml:15:5-16:47
21-->src/main/AndroidManifest.xml:15:22-75
22    <uses-permission android:name="android.permission.QUERY_ALL_PACKAGES" />
22-->src/main/AndroidManifest.xml:17:5-18:53
22-->src/main/AndroidManifest.xml:17:22-74
23
24    <permission
24-->[androidx.core:core:1.12.0] AndroidManifest.xml:22:5-24:47
25        android:name="com.simonecompany.analizzatorespazio.DYNAMIC_RECEIVER_NOT_EXPORTED_PERMISSION"
25-->[androidx.core:core:1.12.0] AndroidManifest.xml:23:9-81
26        android:protectionLevel="signature" />
26-->[androidx.core:core:1.12.0] AndroidManifest.xml:24:9-44
27
28    <uses-permission android:name="com.simonecompany.analizzatorespazio.DYNAMIC_RECEIVER_NOT_EXPORTED_PERMISSION" />
28-->[androidx.core:core:1.12.0] AndroidManifest.xml:26:5-97
28-->[androidx.core:core:1.12.0] AndroidManifest.xml:26:22-94
29
30    <application
30-->src/main/AndroidManifest.xml:20:5-49:19
31        android:name="com.simonecompany.analizzatorespazio.AnalizzatoreSpazioApp"
31-->src/main/AndroidManifest.xml:21:9-46
32        android:allowBackup="true"
32-->src/main/AndroidManifest.xml:22:9-35
33        android:appComponentFactory="androidx.core.app.CoreComponentFactory"
33-->[androidx.core:core:1.12.0] AndroidManifest.xml:28:18-86
34        android:debuggable="true"
35        android:extractNativeLibs="false"
36        android:icon="@mipmap/ic_launcher"
36-->src/main/AndroidManifest.xml:23:9-43
37        android:label="@string/app_name"
37-->src/main/AndroidManifest.xml:24:9-41
38        android:roundIcon="@mipmap/ic_launcher_round"
38-->src/main/AndroidManifest.xml:25:9-54
39        android:supportsRtl="true"
39-->src/main/AndroidManifest.xml:26:9-35
40        android:theme="@style/Theme.AnalizzatoreSpazio" >
40-->src/main/AndroidManifest.xml:27:9-56
41        <activity
41-->src/main/AndroidManifest.xml:29:9-38:20
42            android:name="com.simonecompany.analizzatorespazio.MainActivity"
42-->src/main/AndroidManifest.xml:30:13-41
43            android:enableOnBackInvokedCallback="false"
43-->src/main/AndroidManifest.xml:32:13-56
44            android:exported="true"
44-->src/main/AndroidManifest.xml:31:13-36
45            android:theme="@style/Theme.AnalizzatoreSpazio" >
45-->src/main/AndroidManifest.xml:33:13-60
46            <intent-filter>
46-->src/main/AndroidManifest.xml:34:13-37:29
47                <action android:name="android.intent.action.MAIN" />
47-->src/main/AndroidManifest.xml:35:17-69
47-->src/main/AndroidManifest.xml:35:25-66
48
49                <category android:name="android.intent.category.LAUNCHER" />
49-->src/main/AndroidManifest.xml:36:17-77
49-->src/main/AndroidManifest.xml:36:27-74
50            </intent-filter>
51        </activity>
52
53        <provider
54            android:name="androidx.core.content.FileProvider"
54-->src/main/AndroidManifest.xml:41:13-62
55            android:authorities="com.simonecompany.analizzatorespazio.fileprovider"
55-->src/main/AndroidManifest.xml:42:13-64
56            android:exported="false"
56-->src/main/AndroidManifest.xml:43:13-37
57            android:grantUriPermissions="true" >
57-->src/main/AndroidManifest.xml:44:13-47
58            <meta-data
58-->src/main/AndroidManifest.xml:45:13-47:54
59                android:name="android.support.FILE_PROVIDER_PATHS"
59-->src/main/AndroidManifest.xml:46:17-67
60                android:resource="@xml/file_paths" />
60-->src/main/AndroidManifest.xml:47:17-51
61        </provider>
62
63        <activity
63-->[androidx.compose.ui:ui-test-manifest:1.6.6] AndroidManifest.xml:23:9-25:39
64            android:name="androidx.activity.ComponentActivity"
64-->[androidx.compose.ui:ui-test-manifest:1.6.6] AndroidManifest.xml:24:13-63
65            android:exported="true" />
65-->[androidx.compose.ui:ui-test-manifest:1.6.6] AndroidManifest.xml:25:13-36
66        <activity
66-->[androidx.compose.ui:ui-tooling-android:1.6.6] AndroidManifest.xml:23:9-25:39
67            android:name="androidx.compose.ui.tooling.PreviewActivity"
67-->[androidx.compose.ui:ui-tooling-android:1.6.6] AndroidManifest.xml:24:13-71
68            android:exported="true" />
68-->[androidx.compose.ui:ui-tooling-android:1.6.6] AndroidManifest.xml:25:13-36
69
70        <provider
70-->[androidx.emoji2:emoji2:1.3.0] AndroidManifest.xml:24:9-32:20
71            android:name="androidx.startup.InitializationProvider"
71-->[androidx.emoji2:emoji2:1.3.0] AndroidManifest.xml:25:13-67
72            android:authorities="com.simonecompany.analizzatorespazio.androidx-startup"
72-->[androidx.emoji2:emoji2:1.3.0] AndroidManifest.xml:26:13-68
73            android:exported="false" >
73-->[androidx.emoji2:emoji2:1.3.0] AndroidManifest.xml:27:13-37
74            <meta-data
74-->[androidx.emoji2:emoji2:1.3.0] AndroidManifest.xml:29:13-31:52
75                android:name="androidx.emoji2.text.EmojiCompatInitializer"
75-->[androidx.emoji2:emoji2:1.3.0] AndroidManifest.xml:30:17-75
76                android:value="androidx.startup" />
76-->[androidx.emoji2:emoji2:1.3.0] AndroidManifest.xml:31:17-49
77            <meta-data
77-->[androidx.lifecycle:lifecycle-process:2.7.0] AndroidManifest.xml:29:13-31:52
78                android:name="androidx.lifecycle.ProcessLifecycleInitializer"
78-->[androidx.lifecycle:lifecycle-process:2.7.0] AndroidManifest.xml:30:17-78
79                android:value="androidx.startup" />
79-->[androidx.lifecycle:lifecycle-process:2.7.0] AndroidManifest.xml:31:17-49
80            <meta-data
80-->[androidx.profileinstaller:profileinstaller:1.3.0] AndroidManifest.xml:29:13-31:52
81                android:name="androidx.profileinstaller.ProfileInstallerInitializer"
81-->[androidx.profileinstaller:profileinstaller:1.3.0] AndroidManifest.xml:30:17-85
82                android:value="androidx.startup" />
82-->[androidx.profileinstaller:profileinstaller:1.3.0] AndroidManifest.xml:31:17-49
83        </provider>
84
85        <receiver
85-->[androidx.profileinstaller:profileinstaller:1.3.0] AndroidManifest.xml:34:9-52:20
86            android:name="androidx.profileinstaller.ProfileInstallReceiver"
86-->[androidx.profileinstaller:profileinstaller:1.3.0] AndroidManifest.xml:35:13-76
87            android:directBootAware="false"
87-->[androidx.profileinstaller:profileinstaller:1.3.0] AndroidManifest.xml:36:13-44
88            android:enabled="true"
88-->[androidx.profileinstaller:profileinstaller:1.3.0] AndroidManifest.xml:37:13-35
89            android:exported="true"
89-->[androidx.profileinstaller:profileinstaller:1.3.0] AndroidManifest.xml:38:13-36
90            android:permission="android.permission.DUMP" >
90-->[androidx.profileinstaller:profileinstaller:1.3.0] AndroidManifest.xml:39:13-57
91            <intent-filter>
91-->[androidx.profileinstaller:profileinstaller:1.3.0] AndroidManifest.xml:40:13-42:29
92                <action android:name="androidx.profileinstaller.action.INSTALL_PROFILE" />
92-->[androidx.profileinstaller:profileinstaller:1.3.0] AndroidManifest.xml:41:17-91
92-->[androidx.profileinstaller:profileinstaller:1.3.0] AndroidManifest.xml:41:25-88
93            </intent-filter>
94            <intent-filter>
94-->[androidx.profileinstaller:profileinstaller:1.3.0] AndroidManifest.xml:43:13-45:29
95                <action android:name="androidx.profileinstaller.action.SKIP_FILE" />
95-->[androidx.profileinstaller:profileinstaller:1.3.0] AndroidManifest.xml:44:17-85
95-->[androidx.profileinstaller:profileinstaller:1.3.0] AndroidManifest.xml:44:25-82
96            </intent-filter>
97            <intent-filter>
97-->[androidx.profileinstaller:profileinstaller:1.3.0] AndroidManifest.xml:46:13-48:29
98                <action android:name="androidx.profileinstaller.action.SAVE_PROFILE" />
98-->[androidx.profileinstaller:profileinstaller:1.3.0] AndroidManifest.xml:47:17-88
98-->[androidx.profileinstaller:profileinstaller:1.3.0] AndroidManifest.xml:47:25-85
99            </intent-filter>
100            <intent-filter>
100-->[androidx.profileinstaller:profileinstaller:1.3.0] AndroidManifest.xml:49:13-51:29
101                <action android:name="androidx.profileinstaller.action.BENCHMARK_OPERATION" />
101-->[androidx.profileinstaller:profileinstaller:1.3.0] AndroidManifest.xml:50:17-95
101-->[androidx.profileinstaller:profileinstaller:1.3.0] AndroidManifest.xml:50:25-92
102            </intent-filter>
103        </receiver>
104    </application>
105
106</manifest>